[basic_mc_base_seed0] ep=1,000,000 avg_profit=-0.0600 eps=0.0552 states=360 t=14s
[basic_mc_base_seed0] ep=2,000,000 avg_profit=-0.0272 eps=0.0203 states=360 t=28s
[basic_mc_base_seed0] ep=3,000,000 avg_profit=-0.0170 eps=0.0100 states=360 t=42s
[basic_mc_base_seed0] ep=4,000,000 avg_profit=-0.0169 eps=0.0100 states=360 t=56s
[basic_mc_base_seed0] ep=5,000,000 avg_profit=-0.0175 eps=0.0100 states=360 t=70s
[basic_mc_base_seed0] ep=6,000,000 avg_profit=-0.0159 eps=0.0100 states=360 t=84s
[basic_mc_base_seed0] ep=7,000,000 avg_profit=-0.0145 eps=0.0100 states=360 t=99s
[basic_mc_base_seed0] ep=8,000,000 avg_profit=-0.0146 eps=0.0100 states=360 t=113s
[basic_mc_base_seed0] ep=9,000,000 avg_profit=-0.0139 eps=0.0100 states=360 t=127s
[basic_mc_base_seed0] ep=10,000,000 avg_profit=-0.0151 eps=0.0100 states=360 t=141s
[basic_mc_base_seed0] ep=11,000,000 avg_profit=-0.0153 eps=0.0100 states=360 t=155s
[basic_mc_base_seed0] ep=12,000,000 avg_profit=-0.0149 eps=0.0100 states=360 t=169s
[basic_mc_base_seed0] ep=13,000,000 avg_profit=-0.0155 eps=0.0100 states=360 t=184s
[basic_mc_base_seed0] ep=14,000,000 avg_profit=-0.0156 eps=0.0100 states=360 t=200s
[basic_mc_base_seed0] ep=15,000,000 avg_profit=-0.0157 eps=0.0100 states=360 t=215s
Saved progress log -> logs/basic_mc_base_seed0.progress.csv
Saved trained agent -> logs/basic_mc_base_seed0.agent.pkl
[basic_qlearning_base_seed0] ep=1,000,000 avg_profit=-0.0828 eps=0.0552 states=360 t=14s
[basic_qlearning_base_seed0] ep=2,000,000 avg_profit=-0.0556 eps=0.0203 states=360 t=28s
[basic_qlearning_base_seed0] ep=3,000,000 avg_profit=-0.0436 eps=0.0100 states=360 t=43s
[basic_qlearning_base_seed0] ep=4,000,000 avg_profit=-0.0449 eps=0.0100 states=360 t=57s
[basic_qlearning_base_seed0] ep=5,000,000 avg_profit=-0.0447 eps=0.0100 states=360 t=71s
[basic_qlearning_base_seed0] ep=6,000,000 avg_profit=-0.0440 eps=0.0100 states=360 t=87s
[basic_qlearning_base_seed0] ep=7,000,000 avg_profit=-0.0436 eps=0.0100 states=360 t=102s
[basic_qlearning_base_seed0] ep=8,000,000 avg_profit=-0.0422 eps=0.0100 states=360 t=118s
[basic_qlearning_base_seed0] ep=9,000,000 avg_profit=-0.0417 eps=0.0100 states=360 t=134s
[basic_qlearning_base_seed0] ep=10,000,000 avg_profit=-0.0453 eps=0.0100 states=360 t=150s
[basic_qlearning_base_seed0] ep=11,000,000 avg_profit=-0.0431 eps=0.0100 states=360 t=166s
[basic_qlearning_base_seed0] ep=12,000,000 avg_profit=-0.0441 eps=0.0100 states=360 t=182s
[basic_qlearning_base_seed0] ep=13,000,000 avg_profit=-0.0439 eps=0.0100 states=360 t=198s
[basic_qlearning_base_seed0] ep=14,000,000 avg_profit=-0.0446 eps=0.0100 states=360 t=214s
[basic_qlearning_base_seed0] ep=15,000,000 avg_profit=-0.0440 eps=0.0100 states=360 t=229s
Saved progress log -> logs/basic_qlearning_base_seed0.progress.csv
Saved trained agent -> logs/basic_qlearning_base_seed0.agent.pkl
[counting_mc_base_seed0] ep=2,000,000 avg_profit=-0.0836 eps=0.0203 states=4,680 t=37s
[counting_mc_base_seed0] ep=4,000,000 avg_profit=-0.0361 eps=0.0100 states=4,680 t=75s
[counting_mc_base_seed0] ep=6,000,000 avg_profit=-0.0330 eps=0.0100 states=4,680 t=114s
[counting_mc_base_seed0] ep=8,000,000 avg_profit=-0.0328 eps=0.0100 states=4,680 t=152s
[counting_mc_base_seed0] ep=10,000,000 avg_profit=-0.0288 eps=0.0100 states=4,680 t=191s
[counting_mc_base_seed0] ep=12,000,000 avg_profit=-0.0280 eps=0.0100 states=4,680 t=230s
[counting_mc_base_seed0] ep=14,000,000 avg_profit=-0.0290 eps=0.0100 states=4,680 t=268s
[counting_mc_base_seed0] ep=16,000,000 avg_profit=-0.0280 eps=0.0100 states=4,680 t=306s
[counting_mc_base_seed0] ep=18,000,000 avg_profit=-0.0265 eps=0.0100 states=4,680 t=345s
[counting_mc_base_seed0] ep=20,000,000 avg_profit=-0.0239 eps=0.0100 states=4,680 t=383s
[counting_mc_base_seed0] ep=22,000,000 avg_profit=-0.0245 eps=0.0100 states=4,680 t=421s
[counting_mc_base_seed0] ep=24,000,000 avg_profit=-0.0255 eps=0.0100 states=4,680 t=460s
Saved progress log -> logs/counting_mc_base_seed0.progress.csv
Saved trained agent -> logs/counting_mc_base_seed0.agent.pkl
[counting_qlearning_base_seed0] ep=2,000,000 avg_profit=-0.0900 eps=0.0203 states=4,680 t=39s
[counting_qlearning_base_seed0] ep=4,000,000 avg_profit=-0.0483 eps=0.0100 states=4,680 t=78s
[counting_qlearning_base_seed0] ep=6,000,000 avg_profit=-0.0472 eps=0.0100 states=4,680 t=118s
[counting_qlearning_base_seed0] ep=8,000,000 avg_profit=-0.0464 eps=0.0100 states=4,680 t=158s
[counting_qlearning_base_seed0] ep=10,000,000 avg_profit=-0.0456 eps=0.0100 states=4,680 t=197s
[counting_qlearning_base_seed0] ep=12,000,000 avg_profit=-0.0455 eps=0.0100 states=4,680 t=237s
[counting_qlearning_base_seed0] ep=14,000,000 avg_profit=-0.0468 eps=0.0100 states=4,680 t=276s
[counting_qlearning_base_seed0] ep=16,000,000 avg_profit=-0.0447 eps=0.0100 states=4,680 t=315s
[counting_qlearning_base_seed0] ep=18,000,000 avg_profit=-0.0452 eps=0.0100 states=4,680 t=355s
[counting_qlearning_base_seed0] ep=20,000,000 avg_profit=-0.0445 eps=0.0100 states=4,680 t=395s
[counting_qlearning_base_seed0] ep=22,000,000 avg_profit=-0.0469 eps=0.0100 states=4,680 t=434s
[counting_qlearning_base_seed0] ep=24,000,000 avg_profit=-0.0458 eps=0.0100 states=4,680 t=474s
Saved progress log -> logs/counting_qlearning_base_seed0.progress.csv
Saved trained agent -> logs/counting_qlearning_base_seed0.agent.pkl
[basic_mc_dealer_stands_soft17_seed0] ep=1,000,000 avg_profit=-0.0614 eps=0.0552 states=360 t=14s
[basic_mc_dealer_stands_soft17_seed0] ep=2,000,000 avg_profit=-0.0274 eps=0.0203 states=360 t=28s
[basic_mc_dealer_stands_soft17_seed0] ep=3,000,000 avg_profit=-0.0167 eps=0.0100 states=360 t=42s
[basic_mc_dealer_stands_soft17_seed0] ep=4,000,000 avg_profit=-0.0182 eps=0.0100 states=360 t=56s
[basic_mc_dealer_stands_soft17_seed0] ep=5,000,000 avg_profit=-0.0156 eps=0.0100 states=360 t=70s
[basic_mc_dealer_stands_soft17_seed0] ep=6,000,000 avg_profit=-0.0161 eps=0.0100 states=360 t=85s
[basic_mc_dealer_stands_soft17_seed0] ep=7,000,000 avg_profit=-0.0141 eps=0.0100 states=360 t=99s
[basic_mc_dealer_stands_soft17_seed0] ep=8,000,000 avg_profit=-0.0140 eps=0.0100 states=360 t=113s
[basic_mc_dealer_stands_soft17_seed0] ep=9,000,000 avg_profit=-0.0118 eps=0.0100 states=360 t=127s
[basic_mc_dealer_stands_soft17_seed0] ep=10,000,000 avg_profit=-0.0138 eps=0.0100 states=360 t=141s
[basic_mc_dealer_stands_soft17_seed0] ep=11,000,000 avg_profit=-0.0137 eps=0.0100 states=360 t=155s
[basic_mc_dealer_stands_soft17_seed0] ep=12,000,000 avg_profit=-0.0128 eps=0.0100 states=360 t=170s
[basic_mc_dealer_stands_soft17_seed0] ep=13,000,000 avg_profit=-0.0129 eps=0.0100 states=360 t=184s
[basic_mc_dealer_stands_soft17_seed0] ep=14,000,000 avg_profit=-0.0147 eps=0.0100 states=360 t=198s
[basic_mc_dealer_stands_soft17_seed0] ep=15,000,000 avg_profit=-0.0140 eps=0.0100 states=360 t=212s
Saved progress log -> logs/basic_mc_dealer_stands_soft17_seed0.progress.csv
Saved trained agent -> logs/basic_mc_dealer_stands_soft17_seed0.agent.pkl
[counting_mc_blackjack_6to5_seed0] ep=2,000,000 avg_profit=-0.0984 eps=0.0203 states=4,680 t=37s
[counting_mc_blackjack_6to5_seed0] ep=4,000,000 avg_profit=-0.0505 eps=0.0100 states=4,680 t=74s
[counting_mc_blackjack_6to5_seed0] ep=6,000,000 avg_profit=-0.0473 eps=0.0100 states=4,680 t=112s
[counting_mc_blackjack_6to5_seed0] ep=8,000,000 avg_profit=-0.0471 eps=0.0100 states=4,680 t=149s
[counting_mc_blackjack_6to5_seed0] ep=10,000,000 avg_profit=-0.0432 eps=0.0100 states=4,680 t=187s
[counting_mc_blackjack_6to5_seed0] ep=12,000,000 avg_profit=-0.0424 eps=0.0100 states=4,680 t=225s
[counting_mc_blackjack_6to5_seed0] ep=14,000,000 avg_profit=-0.0433 eps=0.0100 states=4,680 t=263s
[counting_mc_blackjack_6to5_seed0] ep=16,000,000 avg_profit=-0.0423 eps=0.0100 states=4,680 t=301s
[counting_mc_blackjack_6to5_seed0] ep=18,000,000 avg_profit=-0.0409 eps=0.0100 states=4,680 t=339s
[counting_mc_blackjack_6to5_seed0] ep=20,000,000 avg_profit=-0.0384 eps=0.0100 states=4,680 t=377s
[counting_mc_blackjack_6to5_seed0] ep=22,000,000 avg_profit=-0.0389 eps=0.0100 states=4,680 t=415s
[counting_mc_blackjack_6to5_seed0] ep=24,000,000 avg_profit=-0.0399 eps=0.0100 states=4,680 t=452s
Saved progress log -> logs/counting_mc_blackjack_6to5_seed0.progress.csv
Saved trained agent -> logs/counting_mc_blackjack_6to5_seed0.agent.pkl
[improved_mc_base_seed0] ep=2,000,000 avg_profit=-0.8516 eps=0.0203 states=4,047 t=6s
[improved_mc_base_seed0] ep=4,000,000 avg_profit=-0.5620 eps=0.0100 states=4,306 t=11s
[improved_mc_base_seed0] ep=6,000,000 avg_profit=-0.5470 eps=0.0100 states=4,421 t=17s
[improved_mc_base_seed0] ep=8,000,000 avg_profit=-0.5038 eps=0.0100 states=4,511 t=22s
[improved_mc_base_seed0] ep=10,000,000 avg_profit=-0.5715 eps=0.0100 states=4,557 t=28s
[improved_mc_base_seed0] ep=12,000,000 avg_profit=-0.5151 eps=0.0100 states=4,585 t=33s
[improved_mc_base_seed0] ep=14,000,000 avg_profit=-0.5198 eps=0.0100 states=4,611 t=39s
[improved_mc_base_seed0] ep=16,000,000 avg_profit=-0.4825 eps=0.0100 states=4,630 t=44s
[improved_mc_base_seed0] ep=18,000,000 avg_profit=-0.4345 eps=0.0100 states=4,642 t=50s
[improved_mc_base_seed0] ep=20,000,000 avg_profit=-0.5423 eps=0.0100 states=4,651 t=55s
[improved_mc_base_seed0] ep=22,000,000 avg_profit=-0.4417 eps=0.0100 states=4,659 t=60s
[improved_mc_base_seed0] ep=24,000,000 avg_profit=-0.4454 eps=0.0100 states=4,664 t=66s
Saved progress log -> logs/improved_mc_base_seed0.progress.csv
Saved trained agent -> logs/improved_mc_base_seed0.agent.pkl
[improved_qlearning_base_seed0] ep=2,000,000 avg_profit=-0.9315 eps=0.0203 states=4,094 t=6s
[improved_qlearning_base_seed0] ep=4,000,000 avg_profit=-0.4921 eps=0.0100 states=4,337 t=12s
[improved_qlearning_base_seed0] ep=6,000,000 avg_profit=-0.4948 eps=0.0100 states=4,467 t=17s
[improved_qlearning_base_seed0] ep=8,000,000 avg_profit=-0.4648 eps=0.0100 states=4,529 t=23s
[improved_qlearning_base_seed0] ep=10,000,000 avg_profit=-0.3311 eps=0.0100 states=4,580 t=28s
[improved_qlearning_base_seed0] ep=12,000,000 avg_profit=-0.3208 eps=0.0100 states=4,602 t=34s
[improved_qlearning_base_seed0] ep=14,000,000 avg_profit=-0.4241 eps=0.0100 states=4,617 t=40s
[improved_qlearning_base_seed0] ep=16,000,000 avg_profit=-0.3681 eps=0.0100 states=4,628 t=45s
[improved_qlearning_base_seed0] ep=18,000,000 avg_profit=-0.3506 eps=0.0100 states=4,639 t=51s
[improved_qlearning_base_seed0] ep=20,000,000 avg_profit=-0.3139 eps=0.0100 states=4,644 t=56s
[improved_qlearning_base_seed0] ep=22,000,000 avg_profit=-0.2904 eps=0.0100 states=4,650 t=62s
[improved_qlearning_base_seed0] ep=24,000,000 avg_profit=-0.2845 eps=0.0100 states=4,660 t=67s
Saved progress log -> logs/improved_qlearning_base_seed0.progress.csv
Saved trained agent -> logs/improved_qlearning_base_seed0.agent.pkl
ALL TRAINING RUNS COMPLETE
